<?xml version="1.0" encoding="UTF-8"?>
<!-- Generated by org.testng.reporters.JUnitReportReporter -->
<testsuite hostname="Rashmi" failures="0" tests="1" name="demo" time="0.012" errors="0" timestamp="2024-05-22T22:17:09 GMT-04:00" skipped="0">
  <testcase classname="demo" name="m1" time="0.012"/>
</testsuite> <!-- demo -->
