<?xml version="1.0" encoding="UTF-8"?>
<!-- Generated by org.testng.reporters.JUnitReportReporter -->
<testsuite hostname="Rashmi" failures="0" tests="1" name="pkg.Receivemailtest" time="0.012" errors="0" timestamp="2024-05-22T05:44:06 GMT-04:00" skipped="0">
  <testcase classname="pkg.Receivemailtest" name="receive" time="0.012"/>
</testsuite> <!-- pkg.Receivemailtest -->
