<?xml version="1.0" encoding="UTF-8"?>
<!-- Generated by org.testng.reporters.JUnitReportReporter -->
<testsuite hostname="Rashmi" failures="0" tests="1" name="pkg.UserRegTest" time="0.005" errors="0" timestamp="2024-05-22T06:44:21 GMT-04:00" skipped="0">
  <testcase classname="pkg.UserRegTest" name="UserReg" time="0.005"/>
</testsuite> <!-- pkg.UserRegTest -->
