<?xml version="1.0" encoding="UTF-8"?>
<!-- Generated by org.testng.reporters.JUnitReportReporter -->
<testsuite hostname="Rashmi" failures="0" tests="1" name="pkg.Demotest" time="0.013" errors="0" timestamp="2024-05-22T06:44:21 GMT-04:00" skipped="0">
  <testcase classname="pkg.Demotest" name="m1" time="0.013"/>
</testsuite> <!-- pkg.Demotest -->
