<?xml version="1.0" encoding="UTF-8"?>
<!-- Generated by org.testng.reporters.JUnitReportReporter -->
<testsuite hostname="DESKTOP-UI4FKQ7" failures="0" tests="1" name="prac1.prac2" time="0.017" errors="0" timestamp="2024-04-23T22:01:27 GMT-04:00" skipped="0">
  <testcase classname="prac1.prac2" name="logout" time="0.017"/>
</testsuite> <!-- prac1.prac2 -->
