<?xml version="1.0" encoding="UTF-8"?>
<!-- Generated by org.testng.reporters.JUnitReportReporter -->
<testsuite hostname="DESKTOP-UI4FKQ7" failures="0" tests="1" name="testng.testcases.receiveMailTest" time="0.003" errors="0" timestamp="2024-05-02T08:09:58 GMT-04:00" skipped="0">
  <testcase classname="testng.testcases.receiveMailTest" name="ReceiveMail" time="0.003"/>
</testsuite> <!-- testng.testcases.receiveMailTest -->
