<?xml version="1.0" encoding="UTF-8"?>
<!-- Generated by org.testng.reporters.JUnitReportReporter -->
<testsuite hostname="DESKTOP-UI4FKQ7" failures="0" tests="1" name="testng.testcases.sendMailTest" time="0.012" errors="0" timestamp="2024-05-02T08:09:58 GMT-04:00" skipped="0">
  <testcase classname="testng.testcases.sendMailTest" name="sendMail" time="0.012"/>
</testsuite> <!-- testng.testcases.sendMailTest -->
